<?xml version="1.0" encoding="UTF-8"?>
<testng-results ignored="0" total="1" passed="1" failed="0" skipped="0">
  <reporter-output>
  </reporter-output>
  <suite started-at="2023-09-26T17:14:23 IST" name="Default suite" finished-at="2023-09-26T17:14:48 IST" duration-ms="25049">
    <groups>
    </groups>
    <test started-at="2023-09-26T17:14:23 IST" name="Default test" finished-at="2023-09-26T17:14:48 IST" duration-ms="25049">
      <class name="deltazone.Adddirectorytest">
        <test-method signature="addDirectory()[pri:0, instance:deltazone.Adddirectorytest@18078bef]" started-at="2023-09-26T17:14:23 IST" name="addDirectory" finished-at="2023-09-26T17:14:48 IST" duration-ms="25005" status="PASS">
          <reporter-output>
          </reporter-output>
        </test-method> <!-- addDirectory -->
      </class> <!-- deltazone.Adddirectorytest -->
    </test> <!-- Default test -->
  </suite> <!-- Default suite -->
</testng-results>
